#
# There is insufficient memory for the Java Runtime Environment to continue.
# Native memory allocation (malloc) failed to allocate 32744 bytes. Error detail: Chunk::new
# Possible reasons:
#   The system is out of physical RAM or swap space
#   This process is running with CompressedOops enabled, and the Java Heap may be blocking the growth of the native heap
# Possible solutions:
#   Reduce memory load on the system
#   Increase physical memory or swap space
#   Check if swap backing store is full
#   Decrease Java heap size (-Xmx/-Xms)
#   Decrease number of Java threads
#   Decrease Java thread stack sizes (-Xss)
#   Set larger code cache with -XX:ReservedCodeCacheSize=
#   JVM is running with Unscaled Compressed Oops mode in which the Java heap is
#     placed in the first 4GB address space. The Java Heap base address is the
#     maximum limit for the native heap growth. Please use -XX:HeapBaseMinAddress
#     to set the Java Heap base and to place the Java Heap above 4GB virtual address.
# This output file may be truncated or incomplete.
#
#  Out of Memory Error (arena.cpp:168), pid=35636, tid=35628
#
# JRE version: OpenJDK Runtime Environment Temurin-21.0.10+7 (21.0.10+7) (build 21.0.10+7-LTS)
# Java VM: OpenJDK 64-Bit Server VM Temurin-21.0.10+7 (21.0.10+7-LTS, mixed mode, sharing, tiered, compressed oops, compressed class ptrs, parallel gc, windows-amd64)
# No core dump will be written. Minidumps are not enabled by default on client versions of Windows
#

---------------  S U M M A R Y ------------

Command Line: --add-modules=ALL-SYSTEM --add-opens=java.base/java.util=ALL-UNNAMED --add-opens=java.base/java.lang=ALL-UNNAMED --add-opens=java.base/sun.nio.fs=ALL-UNNAMED -Declipse.application=org.eclipse.jdt.ls.core.id1 -Dosgi.bundles.defaultStartLevel=4 -Declipse.product=org.eclipse.jdt.ls.core.product -Djava.import.generatesMetadataFilesAtProjectRoot=false -DDetectVMInstallationsJob.disabled=true -Dfile.encoding=utf8 -XX:+UseParallelGC -XX:GCTimeRatio=4 -XX:AdaptiveSizePolicyWeight=90 -Dsun.zip.disableMemoryMapping=true -Xmx2G -Xms100m -Xlog:disable -javaagent:c:\Users\user\.vscode\extensions\redhat.java-1.54.0-win32-x64\lombok\lombok-1.18.39-4050.jar -XX:+HeapDumpOnOutOfMemoryError -XX:HeapDumpPath=c:\Users\user\AppData\Roaming\Code\User\workspaceStorage\dcb0b0a4fbdf54f8354c7dda5027dea9\redhat.java -Daether.dependencyCollector.impl=bf c:\Users\user\.vscode\extensions\redhat.java-1.54.0-win32-x64\server\plugins\org.eclipse.equinox.launcher_1.7.100.v20251111-0406.jar -configuration c:\Users\user\AppData\Roaming\Code\User\globalStorage\redhat.java\1.54.0\config_win -data c:\Users\user\AppData\Roaming\Code\User\workspaceStorage\dcb0b0a4fbdf54f8354c7dda5027dea9\redhat.java\jdt_ws --pipe=\\.\pipe\lsp-4d0289d6b9f9391fc172b5735279df49-sock

Host: 11th Gen Intel(R) Core(TM) i7-1165G7 @ 2.80GHz, 8 cores, 7G,  Windows 11 , 64 bit Build 26100 (10.0.26100.8246)
Time: Mon Apr 20 16:24:09 2026 South Africa Standard Time elapsed time: 23.865202 seconds (0d 0h 0m 23s)

---------------  T H R E A D  ---------------

Current thread (0x00000226cf42bd60):  JavaThread "C2 CompilerThread0" daemon [_thread_in_native, id=35628, stack(0x000000c458000000,0x000000c458100000) (1024K)]


Current CompileTask:
C2:23865 1860       4       lombok.patcher.scripts.AddFieldScript::patch (55 bytes)

Stack: [0x000000c458000000,0x000000c458100000]
Native frames: (J=compiled Java code, j=interpreted, Vv=VM code, C=native code)
V  [jvm.dll+0x6d7a39]
V  [jvm.dll+0x8b4b26]
V  [jvm.dll+0x8b70de]
V  [jvm.dll+0x8b77c3]
V  [jvm.dll+0x284346]
V  [jvm.dll+0xc66ed]
V  [jvm.dll+0xc6c31]
V  [jvm.dll+0x6049b1]
V  [jvm.dll+0x5ffc28]
V  [jvm.dll+0x5ff9ed]
V  [jvm.dll+0x5feb58]
V  [jvm.dll+0x255b17]
V  [jvm.dll+0x255edd]
V  [jvm.dll+0x24e500]
V  [jvm.dll+0x24ba42]
V  [jvm.dll+0x1cb34e]
V  [jvm.dll+0x25b85d]
V  [jvm.dll+0x259dea]
V  [jvm.dll+0x3f857e]
V  [jvm.dll+0x85f59d]
V  [jvm.dll+0x6d626d]
C  [ucrtbase.dll+0x37b0]
C  [KERNEL32.DLL+0x2e8d7]
C  [ntdll.dll+0x8c3fc]


---------------  P R O C E S S  ---------------

Threads class SMR info:
_java_thread_list=0x0000022716a3b410, length=15, elements={
0x00000226b6685290, 0x00000226cf4184c0, 0x00000226cf41a230, 0x00000226cf41fa30,
0x00000226cf420690, 0x00000226cf424660, 0x00000226cf425340, 0x00000226cf42bd60,
0x00000226cf44a3e0, 0x00000227161b2f40, 0x0000022716373160, 0x000002271653a300,
0x0000022716a4f1e0, 0x0000022716a50590, 0x0000022716a4d7a0
}

Java Threads: ( => current thread )
  0x00000226b6685290 JavaThread "main"                              [_thread_blocked, id=33516, stack(0x000000c457600000,0x000000c457700000) (1024K)]
  0x00000226cf4184c0 JavaThread "Reference Handler"          daemon [_thread_blocked, id=20128, stack(0x000000c457a00000,0x000000c457b00000) (1024K)]
  0x00000226cf41a230 JavaThread "Finalizer"                  daemon [_thread_blocked, id=35396, stack(0x000000c457b00000,0x000000c457c00000) (1024K)]
  0x00000226cf41fa30 JavaThread "Signal Dispatcher"          daemon [_thread_blocked, id=35572, stack(0x000000c457c00000,0x000000c457d00000) (1024K)]
  0x00000226cf420690 JavaThread "Attach Listener"            daemon [_thread_blocked, id=35308, stack(0x000000c457d00000,0x000000c457e00000) (1024K)]
  0x00000226cf424660 JavaThread "Service Thread"             daemon [_thread_blocked, id=22840, stack(0x000000c457e00000,0x000000c457f00000) (1024K)]
  0x00000226cf425340 JavaThread "Monitor Deflation Thread"   daemon [_thread_blocked, id=27504, stack(0x000000c457f00000,0x000000c458000000) (1024K)]
=>0x00000226cf42bd60 JavaThread "C2 CompilerThread0"         daemon [_thread_in_native, id=35628, stack(0x000000c458000000,0x000000c458100000) (1024K)]
  0x00000226cf44a3e0 JavaThread "C1 CompilerThread0"         daemon [_thread_blocked, id=35352, stack(0x000000c458100000,0x000000c458200000) (1024K)]
  0x00000227161b2f40 JavaThread "Common-Cleaner"             daemon [_thread_blocked, id=35336, stack(0x000000c458200000,0x000000c458300000) (1024K)]
  0x0000022716373160 JavaThread "Notification Thread"        daemon [_thread_blocked, id=35496, stack(0x000000c458300000,0x000000c458400000) (1024K)]
  0x000002271653a300 JavaThread "Active Thread: Equinox Container: 4b20ba62-001f-4687-99b8-05f5c8438906"        [_thread_blocked, id=25144, stack(0x000000c458a00000,0x000000c458b00000) (1024K)]
  0x0000022716a4f1e0 JavaThread "Refresh Thread: Equinox Container: 4b20ba62-001f-4687-99b8-05f5c8438906" daemon [_thread_blocked, id=24224, stack(0x000000c458c00000,0x000000c458d00000) (1024K)]
  0x0000022716a50590 JavaThread "Framework Event Dispatcher: Equinox Container: 4b20ba62-001f-4687-99b8-05f5c8438906" daemon [_thread_blocked, id=24492, stack(0x000000c458d00000,0x000000c458e00000) (1024K)]
  0x0000022716a4d7a0 JavaThread "Start Level: Equinox Container: 4b20ba62-001f-4687-99b8-05f5c8438906" daemon [_thread_in_Java, id=24692, stack(0x000000c458e00000,0x000000c458f00000) (1024K)]
Total: 15

Other Threads:
  0x00000226b8a45400 VMThread "VM Thread"                           [id=35576, stack(0x000000c457900000,0x000000c457a00000) (1024K)]
  0x00000226b8a13d50 WatcherThread "VM Periodic Task Thread"        [id=24056, stack(0x000000c457800000,0x000000c457900000) (1024K)]
  0x00000226b89c0960 WorkerThread "GC Thread#0"                     [id=27712, stack(0x000000c457700000,0x000000c457800000) (1024K)]
  0x00000227164a81b0 WorkerThread "GC Thread#1"                     [id=21044, stack(0x000000c458400000,0x000000c458500000) (1024K)]
  0x000002271632c190 WorkerThread "GC Thread#2"                     [id=35472, stack(0x000000c458500000,0x000000c458600000) (1024K)]
  0x000002271632c540 WorkerThread "GC Thread#3"                     [id=35460, stack(0x000000c458600000,0x000000c458700000) (1024K)]
  0x000002271666caa0 WorkerThread "GC Thread#4"                     [id=5628, stack(0x000000c458700000,0x000000c458800000) (1024K)]
  0x000002271666ce50 WorkerThread "GC Thread#5"                     [id=29732, stack(0x000000c458800000,0x000000c458900000) (1024K)]
  0x000002271666d200 WorkerThread "GC Thread#6"                     [id=13480, stack(0x000000c458900000,0x000000c458a00000) (1024K)]
  0x0000022716a514d0 WorkerThread "GC Thread#7"                     [id=16768, stack(0x000000c458b00000,0x000000c458c00000) (1024K)]
Total: 10

Threads with active compile tasks:
C2 CompilerThread0  23933 1860       4       lombok.patcher.scripts.AddFieldScript::patch (55 bytes)
Total: 1

VM state: not at safepoint (normal execution)

VM Mutex/Monitor currently owned by a thread: None

Heap address: 0x0000000080000000, size: 2048 MB, Compressed Oops mode: 32-bit

CDS archive(s) mapped at: [0x00000226d0000000-0x00000226d0ba0000-0x00000226d0ba0000), size 12189696, SharedBaseAddress: 0x00000226d0000000, ArchiveRelocationMode: 1.
Compressed class space mapped at: 0x00000226d1000000-0x0000022711000000, reserved size: 1073741824
Narrow klass base: 0x00000226d0000000, Narrow klass shift: 0, Narrow klass range: 0x100000000

GC Precious Log:
 CardTable entry size: 512
 CPUs: 8 total, 8 available
 Memory: 7975M
 Large Page Support: Disabled
 NUMA Support: Disabled
 Compressed Oops: Enabled (32-bit)
 Alignments: Space 512K, Generation 512K, Heap 2M
 Heap Min Capacity: 100M
 Heap Initial Capacity: 100M
 Heap Max Capacity: 2G
 Pre-touch: Disabled
 Parallel Workers: 8

Heap:
 PSYoungGen      total 29696K, used 8368K [0x00000000d5580000, 0x00000000d7680000, 0x0000000100000000)
  eden space 25600K, 16% used [0x00000000d5580000,0x00000000d59ae518,0x00000000d6e80000)
  from space 4096K, 99% used [0x00000000d7280000,0x00000000d767de88,0x00000000d7680000)
  to   space 4096K, 0% used [0x00000000d6e80000,0x00000000d6e80000,0x00000000d7280000)
 ParOldGen       total 68608K, used 2032K [0x0000000080000000, 0x0000000084300000, 0x00000000d5580000)
  object space 68608K, 2% used [0x0000000080000000,0x00000000801fc020,0x0000000084300000)
 Metaspace       used 8478K, committed 8832K, reserved 1114112K
  class space    used 898K, committed 1088K, reserved 1048576K

Card table byte_map: [0x00000226b8340000,0x00000226b8750000] _byte_map_base: 0x00000226b7f40000

Marking Bits: (ParMarkBitMap*) 0x00007ffdf5d63450
 Begin Bits: [0x00000226cae50000, 0x00000226cce50000)
 End Bits:   [0x00000226cce50000, 0x00000226cee50000)

Polling page: 0x00000226b6840000

Metaspace:

Usage:
  Non-class:      7.40 MB used.
      Class:    898.74 KB used.
       Both:      8.28 MB used.

Virtual space:
  Non-class space:       64.00 MB reserved,       7.56 MB ( 12%) committed,  1 nodes.
      Class space:        1.00 GB reserved,       1.06 MB ( <1%) committed,  1 nodes.
             Both:        1.06 GB reserved,       8.62 MB ( <1%) committed. 

Chunk freelists:
   Non-Class:  8.45 MB
       Class:  14.86 MB
        Both:  23.31 MB

MaxMetaspaceSize: unlimited
CompressedClassSpaceSize: 1.00 GB
Initial GC threshold: 21.00 MB
Current GC threshold: 21.00 MB
CDS: on
 - commit_granule_bytes: 65536.
 - commit_granule_words: 8192.
 - virtual_space_node_default_size: 8388608.
 - enlarge_chunks_in_place: 1.
 - use_allocation_guard: 0.


Internal statistics:

num_allocs_failed_limit: 0.
num_arena_births: 234.
num_arena_deaths: 0.
num_vsnodes_births: 2.
num_vsnodes_deaths: 0.
num_space_committed: 138.
num_space_uncommitted: 0.
num_chunks_returned_to_freelist: 0.
num_chunks_taken_from_freelist: 442.
num_chunk_merges: 0.
num_chunk_splits: 287.
num_chunks_enlarged: 192.
num_inconsistent_stats: 0.

CodeHeap 'non-profiled nmethods': size=120000Kb used=752Kb max_used=752Kb free=119247Kb
 bounds [0x00000226c3670000, 0x00000226c38e0000, 0x00000226caba0000]
CodeHeap 'profiled nmethods': size=120000Kb used=3455Kb max_used=3455Kb free=116544Kb
 bounds [0x00000226bbba0000, 0x00000226bbf00000, 0x00000226c30d0000]
CodeHeap 'non-nmethods': size=5760Kb used=1228Kb max_used=1247Kb free=4531Kb
 bounds [0x00000226c30d0000, 0x00000226c3340000, 0x00000226c3670000]
CodeCache: size=245760Kb, used=5435Kb, max_used=5454Kb, free=240322Kb
 total_blobs=2358, nmethods=1874, adapters=391, full_count=0
Compilation: enabled, stopped_count=0, restarted_count=0

Compilation events (20 events):
Event: 17.750 Thread 0x00000226cf44a3e0 1854       3       java.lang.ClassLoader::getPlatformClassLoader (21 bytes)
Event: 17.751 Thread 0x00000226cf44a3e0 nmethod 1854 0x00000226bbef3e10 code [0x00000226bbef3fe0, 0x00000226bbef4270]
Event: 17.751 Thread 0x00000226cf44a3e0 1855       3       java.lang.ClassLoader::getBuiltinPlatformClassLoader (4 bytes)
Event: 17.751 Thread 0x00000226cf44a3e0 nmethod 1855 0x00000226bbef4390 code [0x00000226bbef4540, 0x00000226bbef4690]
Event: 17.757 Thread 0x00000226cf44a3e0 1856       3       java.util.HashMap::afterNodeRemoval (1 bytes)
Event: 17.757 Thread 0x00000226cf44a3e0 nmethod 1856 0x00000226bbef4710 code [0x00000226bbef48a0, 0x00000226bbef49a8]
Event: 17.758 Thread 0x00000226cf44a3e0 1857       3       java.net.URLStreamHandler::setURL (159 bytes)
Event: 17.762 Thread 0x00000226cf44a3e0 nmethod 1857 0x00000226bbef4a10 code [0x00000226bbef4da0, 0x00000226bbef6210]
Event: 17.779 Thread 0x00000226cf44a3e0 1858       3       java.lang.ClassLoader::defineClass (43 bytes)
Event: 17.780 Thread 0x00000226cf44a3e0 nmethod 1858 0x00000226bbef6b10 code [0x00000226bbef6d20, 0x00000226bbef7238]
Event: 17.780 Thread 0x00000226cf44a3e0 1859       3       java.lang.ClassLoader::defineClassSourceLocation (28 bytes)
Event: 17.780 Thread 0x00000226cf44a3e0 nmethod 1859 0x00000226bbef7490 code [0x00000226bbef7660, 0x00000226bbef79e0]
Event: 17.791 Thread 0x00000226cf42bd60 1860       4       lombok.patcher.scripts.AddFieldScript::patch (55 bytes)
Event: 19.634 Thread 0x00000226cf44a3e0 1861       3       java.util.concurrent.Semaphore$NonfairSync::tryAcquireShared (6 bytes)
Event: 20.835 Thread 0x00000226cf44a3e0 nmethod 1861 0x00000226bbef7b90 code [0x00000226bbef7d40, 0x00000226bbef7e78]
Event: 20.836 Thread 0x00000226cf44a3e0 1862       3       java.util.concurrent.Semaphore$Sync::nonfairTryAcquireShared (27 bytes)
Event: 20.836 Thread 0x00000226cf44a3e0 nmethod 1862 0x00000226bbef7f10 code [0x00000226bbef80c0, 0x00000226bbef8310]
Event: 21.425 Thread 0x00000226cf44a3e0 1863       3       java.util.concurrent.TimeUnit::toNanos (45 bytes)
Event: 21.839 Thread 0x00000226cf44a3e0 nmethod 1863 0x00000226bbef8410 code [0x00000226bbef85c0, 0x00000226bbef8810]
Event: 21.844 Thread 0x00000226cf44a3e0 1864       3       sun.net.www.protocol.jar.Handler::parseContextSpec (150 bytes)

GC Heap History (4 events):
Event: 2.214 GC heap before
{Heap before GC invocations=1 (full 0):
 PSYoungGen      total 29696K, used 25600K [0x00000000d5580000, 0x00000000d7680000, 0x0000000100000000)
  eden space 25600K, 100% used [0x00000000d5580000,0x00000000d6e80000,0x00000000d6e80000)
  from space 4096K, 0% used [0x00000000d7280000,0x00000000d7280000,0x00000000d7680000)
  to   space 4096K, 0% used [0x00000000d6e80000,0x00000000d6e80000,0x00000000d7280000)
 ParOldGen       total 68608K, used 0K [0x0000000080000000, 0x0000000084300000, 0x00000000d5580000)
  object space 68608K, 0% used [0x0000000080000000,0x0000000080000000,0x0000000084300000)
 Metaspace       used 4362K, committed 4608K, reserved 1114112K
  class space    used 474K, committed 576K, reserved 1048576K
}
Event: 2.236 GC heap after
{Heap after GC invocations=1 (full 0):
 PSYoungGen      total 29696K, used 3271K [0x00000000d5580000, 0x00000000d7680000, 0x0000000100000000)
  eden space 25600K, 0% used [0x00000000d5580000,0x00000000d5580000,0x00000000d6e80000)
  from space 4096K, 79% used [0x00000000d6e80000,0x00000000d71b1e98,0x00000000d7280000)
  to   space 4096K, 0% used [0x00000000d7280000,0x00000000d7280000,0x00000000d7680000)
 ParOldGen       total 68608K, used 8K [0x0000000080000000, 0x0000000084300000, 0x00000000d5580000)
  object space 68608K, 0% used [0x0000000080000000,0x0000000080002000,0x0000000084300000)
 Metaspace       used 4362K, committed 4608K, reserved 1114112K
  class space    used 474K, committed 576K, reserved 1048576K
}
Event: 10.734 GC heap before
{Heap before GC invocations=2 (full 0):
 PSYoungGen      total 29696K, used 28871K [0x00000000d5580000, 0x00000000d7680000, 0x0000000100000000)
  eden space 25600K, 100% used [0x00000000d5580000,0x00000000d6e80000,0x00000000d6e80000)
  from space 4096K, 79% used [0x00000000d6e80000,0x00000000d71b1e98,0x00000000d7280000)
  to   space 4096K, 0% used [0x00000000d7280000,0x00000000d7280000,0x00000000d7680000)
 ParOldGen       total 68608K, used 8K [0x0000000080000000, 0x0000000084300000, 0x00000000d5580000)
  object space 68608K, 0% used [0x0000000080000000,0x0000000080002000,0x0000000084300000)
 Metaspace       used 7984K, committed 8256K, reserved 1114112K
  class space    used 830K, committed 960K, reserved 1048576K
}
Event: 10.749 GC heap after
{Heap after GC invocations=2 (full 0):
 PSYoungGen      total 29696K, used 4087K [0x00000000d5580000, 0x00000000d7680000, 0x0000000100000000)
  eden space 25600K, 0% used [0x00000000d5580000,0x00000000d5580000,0x00000000d6e80000)
  from space 4096K, 99% used [0x00000000d7280000,0x00000000d767de88,0x00000000d7680000)
  to   space 4096K, 0% used [0x00000000d6e80000,0x00000000d6e80000,0x00000000d7280000)
 ParOldGen       total 68608K, used 2032K [0x0000000080000000, 0x0000000084300000, 0x00000000d5580000)
  object space 68608K, 2% used [0x0000000080000000,0x00000000801fc020,0x0000000084300000)
 Metaspace       used 7984K, committed 8256K, reserved 1114112K
  class space    used 830K, committed 960K, reserved 1048576K
}

Dll operation events (9 events):
Event: 0.096 Loaded shared library c:\Users\user\.vscode\extensions\redhat.java-1.54.0-win32-x64\jre\21.0.10-win32-x86_64\bin\java.dll
Event: 0.482 Loaded shared library c:\Users\user\.vscode\extensions\redhat.java-1.54.0-win32-x64\jre\21.0.10-win32-x86_64\bin\zip.dll
Event: 0.578 Loaded shared library C:\Users\user\.vscode\extensions\redhat.java-1.54.0-win32-x64\jre\21.0.10-win32-x86_64\bin\instrument.dll
Event: 0.606 Loaded shared library C:\Users\user\.vscode\extensions\redhat.java-1.54.0-win32-x64\jre\21.0.10-win32-x86_64\bin\net.dll
Event: 0.623 Loaded shared library C:\Users\user\.vscode\extensions\redhat.java-1.54.0-win32-x64\jre\21.0.10-win32-x86_64\bin\nio.dll
Event: 0.629 Loaded shared library C:\Users\user\.vscode\extensions\redhat.java-1.54.0-win32-x64\jre\21.0.10-win32-x86_64\bin\zip.dll
Event: 0.678 Loaded shared library C:\Users\user\.vscode\extensions\redhat.java-1.54.0-win32-x64\jre\21.0.10-win32-x86_64\bin\jimage.dll
Event: 0.877 Loaded shared library c:\Users\user\.vscode\extensions\redhat.java-1.54.0-win32-x64\jre\21.0.10-win32-x86_64\bin\verify.dll
Event: 17.744 Loaded shared library C:\Users\user\AppData\Roaming\Code\User\globalStorage\redhat.java\1.54.0\config_win\org.eclipse.equinox.launcher\org.eclipse.equinox.launcher.win32.win32.x86_64_1.3.0.v20260203-2149\eclipse_11919.dll

Deoptimization events (20 events):
Event: 4.632 Thread 0x00000226b6685290 DEOPT PACKING pc=0x00000226c36a0334 sp=0x000000c4576fdf70
Event: 4.632 Thread 0x00000226b6685290 DEOPT UNPACKING pc=0x00000226c3126da2 sp=0x000000c4576fdf30 mode 2
Event: 4.781 Thread 0x00000226b6685290 DEOPT PACKING pc=0x00000226bbd1dd08 sp=0x000000c4576fc2f0
Event: 4.781 Thread 0x00000226b6685290 DEOPT UNPACKING pc=0x00000226c31278e2 sp=0x000000c4576fb770 mode 0
Event: 4.788 Thread 0x00000226b6685290 DEOPT PACKING pc=0x00000226bbd1dd08 sp=0x000000c4576fc600
Event: 4.788 Thread 0x00000226b6685290 DEOPT UNPACKING pc=0x00000226c31278e2 sp=0x000000c4576fba80 mode 0
Event: 4.791 Thread 0x00000226b6685290 DEOPT PACKING pc=0x00000226bbd1dd08 sp=0x000000c4576fc550
Event: 4.791 Thread 0x00000226b6685290 DEOPT UNPACKING pc=0x00000226c31278e2 sp=0x000000c4576fb9d0 mode 0
Event: 4.793 Thread 0x00000226b6685290 DEOPT PACKING pc=0x00000226bbd1dd08 sp=0x000000c4576fc850
Event: 4.793 Thread 0x00000226b6685290 DEOPT UNPACKING pc=0x00000226c31278e2 sp=0x000000c4576fbcd0 mode 0
Event: 6.015 Thread 0x00000226b6685290 DEOPT PACKING pc=0x00000226bbcc06b9 sp=0x000000c4576fe750
Event: 6.015 Thread 0x00000226b6685290 DEOPT UNPACKING pc=0x00000226c31278e2 sp=0x000000c4576fdc50 mode 0
Event: 17.742 Thread 0x0000022716a4f1e0 Uncommon trap: trap_request=0xffffff45 fr.pc=0x00000226c36bb1cc relative=0x00000000000004cc
Event: 17.742 Thread 0x0000022716a4f1e0 Uncommon trap: reason=unstable_if action=reinterpret pc=0x00000226c36bb1cc method=java.util.HashMap$HashIterator.<init>(Ljava/util/HashMap;)V @ 45 c2
Event: 17.742 Thread 0x0000022716a4f1e0 DEOPT PACKING pc=0x00000226c36bb1cc sp=0x000000c458cfecb0
Event: 17.742 Thread 0x0000022716a4f1e0 DEOPT UNPACKING pc=0x00000226c3126da2 sp=0x000000c458cfeb20 mode 2
Event: 17.757 Thread 0x0000022716a4f1e0 Uncommon trap: trap_request=0xffffff45 fr.pc=0x00000226c36a4ac4 relative=0x00000000000002a4
Event: 17.757 Thread 0x0000022716a4f1e0 Uncommon trap: reason=unstable_if action=reinterpret pc=0x00000226c36a4ac4 method=java.util.HashMap$HashIterator.<init>(Ljava/util/HashMap;)V @ 45 c2
Event: 17.757 Thread 0x0000022716a4f1e0 DEOPT PACKING pc=0x00000226c36a4ac4 sp=0x000000c458cfeb50
Event: 17.757 Thread 0x0000022716a4f1e0 DEOPT UNPACKING pc=0x00000226c3126da2 sp=0x000000c458cfeae8 mode 2

Classes loaded (20 events):
Event: 4.875 Loading class sun/nio/fs/WindowsChannelFactory$1 done
Event: 4.875 Loading class sun/nio/fs/WindowsChannelFactory$Flags
Event: 4.876 Loading class sun/nio/fs/WindowsChannelFactory$Flags done
Event: 4.876 Loading class sun/nio/ch/FileChannelImpl$Closer
Event: 4.877 Loading class sun/nio/ch/FileChannelImpl$Closer done
Event: 17.717 Loading class java/util/concurrent/RejectedExecutionException
Event: 17.718 Loading class java/util/concurrent/RejectedExecutionException done
Event: 17.744 Loading class java/util/Collections$ReverseComparator
Event: 17.746 Loading class java/util/Collections$ReverseComparator done
Event: 17.746 Loading class java/util/Comparators$NaturalOrderComparator
Event: 17.746 Loading class java/util/concurrent/locks/AbstractQueuedSynchronizer$SharedNode
Event: 17.746 Loading class java/util/Comparators$NaturalOrderComparator done
Event: 17.746 Loading class java/util/Collections$ReverseComparator2
Event: 17.747 Loading class java/util/Collections$ReverseComparator2 done
Event: 17.747 Loading class java/util/concurrent/locks/AbstractQueuedSynchronizer$SharedNode done
Event: 17.761 Loading class java/util/concurrent/CancellationException
Event: 17.761 Loading class java/util/concurrent/CancellationException done
Event: 17.781 Loading class java/lang/CloneNotSupportedException
Event: 17.781 Loading class java/lang/CloneNotSupportedException done
Event: 23.856 Loading class java/util/concurrent/ExecutionException

Classes unloaded (0 events):
No events

Classes redefined (0 events):
No events

Internal exceptions (20 events):
Event: 1.842 Thread 0x00000226b6685290 Exception <a 'java/lang/NoSuchMethodError'{0x00000000d6605210}: 'java.lang.Object java.lang.invoke.DirectMethodHandle$Holder.invokeInterface(java.lang.Object, java.lang.Object, int)'> (0x00000000d6605210) 
thrown [s\src\hotspot\share\interpreter\linkResolver.cpp, line 773]
Event: 2.107 Thread 0x00000226b6685290 Exception <a 'java/lang/NoSuchMethodError'{0x00000000d6a6ded8}: 'java.lang.ClassLoader java.lang.ClassLoader.getPlatformClassLoader(java.lang.Class)'> (0x00000000d6a6ded8) 
thrown [s\src\hotspot\share\interpreter\linkResolver.cpp, line 773]
Event: 2.242 Thread 0x00000226b6685290 Exception <a 'java/lang/ClassNotFoundException'{0x00000000d558dd20}: sun/net/www/protocol/c/Handler> (0x00000000d558dd20) 
thrown [s\src\hotspot\share\classfile\systemDictionary.cpp, line 312]
Event: 2.243 Thread 0x00000226b6685290 Exception <a 'java/lang/ClassNotFoundException'{0x00000000d558f0c0}: sun/net/www/protocol/c/Handler> (0x00000000d558f0c0) 
thrown [s\src\hotspot\share\classfile\systemDictionary.cpp, line 312]
Event: 2.243 Thread 0x00000226b6685290 Exception <a 'java/lang/ClassNotFoundException'{0x00000000d55902a8}: sun/net/www/protocol/c/Handler> (0x00000000d55902a8) 
thrown [s\src\hotspot\share\classfile\systemDictionary.cpp, line 312]
Event: 2.260 Thread 0x00000226b6685290 Exception <a 'java/io/FileNotFoundException'{0x00000000d55c1f30}> (0x00000000d55c1f30) 
thrown [s\src\hotspot\share\prims\jni.cpp, line 520]
Event: 2.347 Thread 0x00000226b6685290 Implicit null exception at 0x00000226c36c5fa9 to 0x00000226c36c6848
Event: 2.347 Thread 0x00000226b6685290 Implicit null exception at 0x00000226c36d879a to 0x00000226c36d89a4
Event: 2.348 Thread 0x00000226b6685290 Exception <a 'java/lang/NoSuchMethodError'{0x00000000d56f2418}: 'void java.lang.invoke.DirectMethodHandle$Holder.invokeStatic(java.lang.Object, java.lang.Object, java.lang.Object, java.lang.Object)'> (0x00000000d56f2418) 
thrown [s\src\hotspot\share\interpreter\linkResolver.cpp, line 773]
Event: 2.350 Thread 0x00000226b6685290 Implicit null exception at 0x00000226c36cb7bd to 0x00000226c36cb841
Event: 2.612 Thread 0x00000226b6685290 Exception <a 'java/lang/NoSuchMethodError'{0x00000000d59db290}: 'void java.lang.invoke.DirectMethodHandle$Holder.invokeSpecial(java.lang.Object, java.lang.Object, java.lang.Object)'> (0x00000000d59db290) 
thrown [s\src\hotspot\share\interpreter\linkResolver.cpp, line 773]
Event: 4.265 Thread 0x00000226b6685290 Exception <a 'java/lang/NoSuchMethodError'{0x00000000d6462950}: 'int java.lang.invoke.DirectMethodHandle$Holder.invokeVirtual(java.lang.Object, java.lang.Object)'> (0x00000000d6462950) 
thrown [s\src\hotspot\share\interpreter\linkResolver.cpp, line 773]
Event: 4.461 Thread 0x00000226b6685290 Exception <a 'java/lang/NoSuchMethodError'{0x00000000d65eac58}: 'int java.lang.invoke.DirectMethodHandle$Holder.invokeStaticInit(java.lang.Object, java.lang.Object, java.lang.Object, java.lang.Object)'> (0x00000000d65eac58) 
thrown [s\src\hotspot\share\interpreter\linkResolver.cpp, line 773]
Event: 4.462 Thread 0x00000226b6685290 Exception <a 'java/lang/IncompatibleClassChangeError'{0x00000000d65f3060}: Found class java.lang.Object, but interface was expected> (0x00000000d65f3060) 
thrown [s\src\hotspot\share\interpreter\linkResolver.cpp, line 840]
Event: 4.464 Thread 0x00000226b6685290 Exception <a 'java/lang/NoSuchMethodError'{0x00000000d65f9f30}: 'void java.lang.invoke.DirectMethodHandle$Holder.invokeStaticInit(java.lang.Object, java.lang.Object)'> (0x00000000d65f9f30) 
thrown [s\src\hotspot\share\interpreter\linkResolver.cpp, line 773]
Event: 4.466 Thread 0x00000226b6685290 Exception <a 'java/lang/NoSuchMethodError'{0x00000000d6603a88}: 'int java.lang.invoke.DirectMethodHandle$Holder.invokeStaticInit(java.lang.Object, java.lang.Object)'> (0x00000000d6603a88) 
thrown [s\src\hotspot\share\interpreter\linkResolver.cpp, line 773]
Event: 4.583 Thread 0x00000226b6685290 Exception <a 'java/lang/NoSuchMethodError'{0x00000000d68754d0}: 'java.lang.Object java.lang.invoke.DirectMethodHandle$Holder.newInvokeSpecial(java.lang.Object, int, java.lang.Object)'> (0x00000000d68754d0) 
thrown [s\src\hotspot\share\interpreter\linkResolver.cpp, line 773]
Event: 4.705 Thread 0x00000226b6685290 Exception <a 'java/lang/ClassNotFoundException'{0x00000000d6a97a20}: sun/net/www/protocol/plurl/Handler> (0x00000000d6a97a20) 
thrown [s\src\hotspot\share\classfile\systemDictionary.cpp, line 312]
Event: 4.705 Thread 0x00000226b6685290 Exception <a 'java/lang/ClassNotFoundException'{0x00000000d6a988a0}: sun/net/www/protocol/plurl/Handler> (0x00000000d6a988a0) 
thrown [s\src\hotspot\share\classfile\systemDictionary.cpp, line 312]
Event: 17.699 Thread 0x00000226b6685290 Exception <a 'java/lang/UnsatisfiedLinkError'{0x00000000d5665378}: 'void org.eclipse.equinox.launcher.JNIBridge._update_splash()'> (0x00000000d5665378) 
thrown [s\src\hotspot\share\prims\nativeLookup.cpp, line 415]

ZGC Phase Switch (0 events):
No events

VM Operations (20 events):
Event: 3.250 Executing safepoint VM operation: Cleanup
Event: 3.250 Executing safepoint VM operation: Cleanup done
Event: 4.251 Executing safepoint VM operation: Cleanup
Event: 4.252 Executing safepoint VM operation: Cleanup done
Event: 4.532 Executing non-safepoint VM operation: HandshakeAllThreads (Deoptimize)
Event: 4.532 Executing non-safepoint VM operation: HandshakeAllThreads (Deoptimize) done
Event: 4.555 Executing non-safepoint VM operation: HandshakeAllThreads (Deoptimize)
Event: 4.556 Executing non-safepoint VM operation: HandshakeAllThreads (Deoptimize) done
Event: 4.661 Executing non-safepoint VM operation: HandshakeAllThreads (Deoptimize)
Event: 4.661 Executing non-safepoint VM operation: HandshakeAllThreads (Deoptimize) done
Event: 4.688 Executing non-safepoint VM operation: HandshakeAllThreads (Deoptimize)
Event: 4.688 Executing non-safepoint VM operation: HandshakeAllThreads (Deoptimize) done
Event: 5.701 Executing safepoint VM operation: Cleanup
Event: 5.701 Executing safepoint VM operation: Cleanup done
Event: 6.713 Executing safepoint VM operation: Cleanup
Event: 6.713 Executing safepoint VM operation: Cleanup done
Event: 10.734 Executing safepoint VM operation: ParallelGCFailedAllocation (Allocation Failure)
Event: 10.749 Executing safepoint VM operation: ParallelGCFailedAllocation (Allocation Failure) done
Event: 17.799 Executing safepoint VM operation: Cleanup
Event: 17.799 Executing safepoint VM operation: Cleanup done

Memory protections (0 events):
No events

Nmethod flushes (0 events):
No events

Events (13 events):
Event: 0.267 Thread 0x00000226b6685290 Thread added: 0x00000226b6685290
Event: 0.374 Thread 0x00000226b6685290 Thread added: 0x00000226cf4184c0
Event: 0.374 Thread 0x00000226b6685290 Thread added: 0x00000226cf41a230
Event: 0.375 Thread 0x00000226b6685290 Thread added: 0x00000226cf41fa30
Event: 0.375 Thread 0x00000226b6685290 Thread added: 0x00000226cf420690
Event: 0.375 Thread 0x00000226b6685290 Thread added: 0x00000226cf424660
Event: 0.375 Thread 0x00000226b6685290 Thread added: 0x00000226cf425340
Event: 0.376 Thread 0x00000226b6685290 Thread added: 0x00000226cf42bd60
Event: 0.377 Thread 0x00000226b6685290 Thread added: 0x00000226cf44a3e0
Event: 0.584 Thread 0x00000226b6685290 Thread added: 0x00000227161b2f40
Event: 1.112 Thread 0x00000226b6685290 Thread added: 0x0000022716373160
Event: 4.498 Thread 0x00000226b6685290 Thread added: 0x000002271653a300
Event: 17.696 Thread 0x00000226b6685290 Thread added: 0x0000022716a4f1e0


Dynamic libraries:
0x00007ff664430000 - 0x00007ff66443e000 	c:\Users\user\.vscode\extensions\redhat.java-1.54.0-win32-x64\jre\21.0.10-win32-x86_64\bin\java.exe
0x00007ffef9780000 - 0x00007ffef99e7000 	C:\WINDOWS\SYSTEM32\ntdll.dll
0x00007ffef88b0000 - 0x00007ffef8979000 	C:\WINDOWS\System32\KERNEL32.DLL
0x00007ffef61c0000 - 0x00007ffef65b4000 	C:\WINDOWS\System32\KERNELBASE.dll
0x00007ffef34e0000 - 0x00007ffef357f000 	C:\WINDOWS\SYSTEM32\apphelp.dll
0x00007ffef7120000 - 0x00007ffef726b000 	C:\WINDOWS\System32\ucrtbase.dll
0x00007ffec2200000 - 0x00007ffec2218000 	c:\Users\user\.vscode\extensions\redhat.java-1.54.0-win32-x64\jre\21.0.10-win32-x86_64\bin\jli.dll
0x00007ffec21e0000 - 0x00007ffec21fe000 	c:\Users\user\.vscode\extensions\redhat.java-1.54.0-win32-x64\jre\21.0.10-win32-x86_64\bin\VCRUNTIME140.dll
0x00007ffef9250000 - 0x00007ffef9415000 	C:\WINDOWS\System32\USER32.dll
0x00007ffef6880000 - 0x00007ffef68a7000 	C:\WINDOWS\System32\win32u.dll
0x00007ffef9710000 - 0x00007ffef973b000 	C:\WINDOWS\System32\GDI32.dll
0x00007ffee00a0000 - 0x00007ffee0333000 	C:\WINDOWS\WinSxS\amd64_microsoft.windows.common-controls_6595b64144ccf1df_6.0.26100.8115_none_3e075c82e3354f9c\COMCTL32.dll
0x00007ffef7270000 - 0x00007ffef739b000 	C:\WINDOWS\System32\gdi32full.dll
0x00007ffef80f0000 - 0x00007ffef8199000 	C:\WINDOWS\System32\msvcrt.dll
0x00007ffef6740000 - 0x00007ffef67e3000 	C:\WINDOWS\System32\msvcp_win.dll
0x00007ffef7fc0000 - 0x00007ffef7ff2000 	C:\WINDOWS\System32\IMM32.DLL
0x00007ffee2c60000 - 0x00007ffee2c6c000 	c:\Users\user\.vscode\extensions\redhat.java-1.54.0-win32-x64\jre\21.0.10-win32-x86_64\bin\vcruntime140_1.dll
0x00007ffe2d380000 - 0x00007ffe2d40d000 	c:\Users\user\.vscode\extensions\redhat.java-1.54.0-win32-x64\jre\21.0.10-win32-x86_64\bin\msvcp140.dll
0x00007ffdf50a0000 - 0x00007ffdf5e41000 	c:\Users\user\.vscode\extensions\redhat.java-1.54.0-win32-x64\jre\21.0.10-win32-x86_64\bin\server\jvm.dll
0x00007ffef8b30000 - 0x00007ffef8be6000 	C:\WINDOWS\System32\ADVAPI32.dll
0x00007ffef9130000 - 0x00007ffef91d7000 	C:\WINDOWS\System32\sechost.dll
0x00007ffef95d0000 - 0x00007ffef96e8000 	C:\WINDOWS\System32\RPCRT4.dll
0x00007ffef7f30000 - 0x00007ffef7fb0000 	C:\WINDOWS\System32\WS2_32.dll
0x00007ffef5eb0000 - 0x00007ffef5f0e000 	C:\WINDOWS\SYSTEM32\POWRPROF.dll
0x00007ffee0350000 - 0x00007ffee0386000 	C:\WINDOWS\SYSTEM32\WINMM.dll
0x00007ffef0520000 - 0x00007ffef052b000 	C:\WINDOWS\SYSTEM32\VERSION.dll
0x00007ffef5e90000 - 0x00007ffef5ea4000 	C:\WINDOWS\SYSTEM32\UMPDC.dll
0x00007ffef4de0000 - 0x00007ffef4dfb000 	C:\WINDOWS\SYSTEM32\kernel.appcore.dll
0x00007ffecec60000 - 0x00007ffecec6a000 	c:\Users\user\.vscode\extensions\redhat.java-1.54.0-win32-x64\jre\21.0.10-win32-x86_64\bin\jimage.dll
0x00007ffef38d0000 - 0x00007ffef3b12000 	C:\WINDOWS\SYSTEM32\DBGHELP.DLL
0x00007ffef8d90000 - 0x00007ffef9112000 	C:\WINDOWS\System32\combase.dll
0x00007ffef81a0000 - 0x00007ffef8278000 	C:\WINDOWS\System32\OLEAUT32.dll
0x00007ffed75e0000 - 0x00007ffed761b000 	C:\WINDOWS\SYSTEM32\dbgcore.DLL
0x00007ffef6050000 - 0x00007ffef60f5000 	C:\WINDOWS\System32\bcryptPrimitives.dll
0x00007ffec9700000 - 0x00007ffec970f000 	c:\Users\user\.vscode\extensions\redhat.java-1.54.0-win32-x64\jre\21.0.10-win32-x86_64\bin\instrument.dll
0x00007ffec2740000 - 0x00007ffec2760000 	c:\Users\user\.vscode\extensions\redhat.java-1.54.0-win32-x64\jre\21.0.10-win32-x86_64\bin\java.dll
0x00007ffef7700000 - 0x00007ffef7e67000 	C:\WINDOWS\System32\SHELL32.dll
0x00007ffef73a0000 - 0x00007ffef750a000 	C:\WINDOWS\System32\wintypes.dll
0x00007ffef68b0000 - 0x00007ffef7118000 	C:\WINDOWS\System32\windows.storage.dll
0x00007ffef94d0000 - 0x00007ffef95c8000 	C:\WINDOWS\System32\SHCORE.dll
0x00007ffef91e0000 - 0x00007ffef9246000 	C:\WINDOWS\System32\shlwapi.dll
0x00007ffef5f70000 - 0x00007ffef5f99000 	C:\WINDOWS\SYSTEM32\profapi.dll
0x00007ffec2170000 - 0x00007ffec2188000 	c:\Users\user\.vscode\extensions\redhat.java-1.54.0-win32-x64\jre\21.0.10-win32-x86_64\bin\zip.dll
0x00007ffec4a30000 - 0x00007ffec4a40000 	C:\Users\user\.vscode\extensions\redhat.java-1.54.0-win32-x64\jre\21.0.10-win32-x86_64\bin\net.dll
0x00007ffee8a60000 - 0x00007ffee8b8d000 	C:\WINDOWS\SYSTEM32\WINHTTP.dll
0x00007ffef5350000 - 0x00007ffef53bc000 	C:\WINDOWS\system32\mswsock.dll
0x00007ffec19e0000 - 0x00007ffec19f6000 	C:\Users\user\.vscode\extensions\redhat.java-1.54.0-win32-x64\jre\21.0.10-win32-x86_64\bin\nio.dll
0x00007ffec26e0000 - 0x00007ffec26f0000 	c:\Users\user\.vscode\extensions\redhat.java-1.54.0-win32-x64\jre\21.0.10-win32-x86_64\bin\verify.dll
0x00007ffe87f30000 - 0x00007ffe87f75000 	C:\Users\user\AppData\Roaming\Code\User\globalStorage\redhat.java\1.54.0\config_win\org.eclipse.equinox.launcher\org.eclipse.equinox.launcher.win32.win32.x86_64_1.3.0.v20260203-2149\eclipse_11919.dll
0x00007ffef8bf0000 - 0x00007ffef8d87000 	C:\WINDOWS\System32\ole32.dll

JVMTI agents:
c:\Users\user\.vscode\extensions\redhat.java-1.54.0-win32-x64\lombok\lombok-1.18.39-4050.jar path:c:\Users\user\.vscode\extensions\redhat.java-1.54.0-win32-x64\jre\21.0.10-win32-x86_64\bin\instrument.dll, loaded, initialized, instrumentlib options:none

dbghelp: loaded successfully - version: 4.0.5 - missing functions: none
symbol engine: initialized successfully - sym options: 0x614 - pdb path: .;c:\Users\user\.vscode\extensions\redhat.java-1.54.0-win32-x64\jre\21.0.10-win32-x86_64\bin;C:\WINDOWS\SYSTEM32;C:\WINDOWS\WinSxS\amd64_microsoft.windows.common-controls_6595b64144ccf1df_6.0.26100.8115_none_3e075c82e3354f9c;c:\Users\user\.vscode\extensions\redhat.java-1.54.0-win32-x64\jre\21.0.10-win32-x86_64\bin\server;C:\Users\user\AppData\Roaming\Code\User\globalStorage\redhat.java\1.54.0\config_win\org.eclipse.equinox.launcher\org.eclipse.equinox.launcher.win32.win32.x86_64_1.3.0.v20260203-2149

VM Arguments:
jvm_args: --add-modules=ALL-SYSTEM --add-opens=java.base/java.util=ALL-UNNAMED --add-opens=java.base/java.lang=ALL-UNNAMED --add-opens=java.base/sun.nio.fs=ALL-UNNAMED -Declipse.application=org.eclipse.jdt.ls.core.id1 -Dosgi.bundles.defaultStartLevel=4 -Declipse.product=org.eclipse.jdt.ls.core.product -Djava.import.generatesMetadataFilesAtProjectRoot=false -DDetectVMInstallationsJob.disabled=true -Dfile.encoding=utf8 -XX:+UseParallelGC -XX:GCTimeRatio=4 -XX:AdaptiveSizePolicyWeight=90 -Dsun.zip.disableMemoryMapping=true -Xmx2G -Xms100m -Xlog:disable -javaagent:c:\Users\user\.vscode\extensions\redhat.java-1.54.0-win32-x64\lombok\lombok-1.18.39-4050.jar -XX:+HeapDumpOnOutOfMemoryError -XX:HeapDumpPath=c:\Users\user\AppData\Roaming\Code\User\workspaceStorage\dcb0b0a4fbdf54f8354c7dda5027dea9\redhat.java -Daether.dependencyCollector.impl=bf 
java_command: c:\Users\user\.vscode\extensions\redhat.java-1.54.0-win32-x64\server\plugins\org.eclipse.equinox.launcher_1.7.100.v20251111-0406.jar -configuration c:\Users\user\AppData\Roaming\Code\User\globalStorage\redhat.java\1.54.0\config_win -data c:\Users\user\AppData\Roaming\Code\User\workspaceStorage\dcb0b0a4fbdf54f8354c7dda5027dea9\redhat.java\jdt_ws --pipe=\\.\pipe\lsp-4d0289d6b9f9391fc172b5735279df49-sock
java_class_path (initial): c:\Users\user\.vscode\extensions\redhat.java-1.54.0-win32-x64\server\plugins\org.eclipse.equinox.launcher_1.7.100.v20251111-0406.jar
Launcher Type: SUN_STANDARD

[Global flags]
    uintx AdaptiveSizePolicyWeight                 = 90                                        {product} {command line}
     intx CICompilerCount                          = 4                                         {product} {ergonomic}
    uintx GCTimeRatio                              = 4                                         {product} {command line}
     bool HeapDumpOnOutOfMemoryError               = true                                   {manageable} {command line}
    ccstr HeapDumpPath                             = c:\Users\user\AppData\Roaming\Code\User\workspaceStorage\dcb0b0a4fbdf54f8354c7dda5027dea9\redhat.java         {manageable} {command line}
   size_t InitialHeapSize                          = 104857600                                 {product} {command line}
   size_t MaxHeapSize                              = 2147483648                                {product} {command line}
   size_t MaxNewSize                               = 715653120                                 {product} {ergonomic}
   size_t MinHeapDeltaBytes                        = 524288                                    {product} {ergonomic}
   size_t MinHeapSize                              = 104857600                                 {product} {command line}
   size_t NewSize                                  = 34603008                                  {product} {ergonomic}
    uintx NonNMethodCodeHeapSize                   = 5839372                                {pd product} {ergonomic}
    uintx NonProfiledCodeHeapSize                  = 122909434                              {pd product} {ergonomic}
   size_t OldSize                                  = 70254592                                  {product} {ergonomic}
    uintx ProfiledCodeHeapSize                     = 122909434                              {pd product} {ergonomic}
    uintx ReservedCodeCacheSize                    = 251658240                              {pd product} {ergonomic}
     bool SegmentedCodeCache                       = true                                      {product} {ergonomic}
   size_t SoftMaxHeapSize                          = 2147483648                             {manageable} {ergonomic}
     bool UseCompressedOops                        = true                           {product lp64_product} {ergonomic}
     bool UseLargePagesIndividualAllocation        = false                                  {pd product} {ergonomic}
     bool UseParallelGC                            = true                                      {product} {command line}

Logging:
Log output configuration:
 #0: stdout all=off uptime,level,tags foldmultilines=false
 #1: stderr all=off uptime,level,tags foldmultilines=false

Release file:
JAVA_VERSION="21.0.10" 
MODULES="java.base java.compiler java.datatransfer java.xml java.prefs java.desktop java.instrument java.logging java.management java.security.sasl java.naming java.rmi java.management.rmi java.net.http java.scripting java.security.jgss java.transaction.xa java.sql java.sql.rowset java.xml.crypto java.se java.smartcardio jdk.accessibility jdk.internal.jvmstat jdk.attach jdk.charsets jdk.internal.opt jdk.zipfs jdk.compiler jdk.crypto.ec jdk.crypto.cryptoki jdk.crypto.mscapi jdk.dynalink jdk.internal.ed jdk.editpad jdk.hotspot.agent jdk.httpserver jdk.internal.le jdk.internal.vm.ci jdk.internal.vm.compiler jdk.internal.vm.compiler.management jdk.jartool jdk.javadoc jdk.jcmd jdk.management jdk.management.agent jdk.jconsole jdk.jdeps jdk.jdwp.agent jdk.jdi jdk.jfr jdk.jshell jdk.jsobject jdk.jstatd jdk.localedata jdk.management.jfr jdk.naming.dns jdk.naming.rmi jdk.net jdk.nio.mapmode jdk.random jdk.sctp jdk.security.auth jdk.security.jgss jdk.unsupported jdk.unsupported.desktop jdk.xml.dom" 

Environment Variables:
PATH=C:\Users\user\AppData\Local\Programs\Microsoft VS Code;C:\Python313\Scripts\;C:\Python313\;C:\Program Files\Common Files\Oracle\Java\javapath;C:\Users\user\AppData\Local\Android\Sdk\emulator;C:\WINDOWS\system32;C:\WINDOWS;C:\WINDOWS\System32\Wbem;C:\WINDOWS\System32\WindowsPowerShell\v1.0\;C:\WINDOWS\System32\OpenSSH\;C:\ProgramData\chocolatey\bin;C:\Program Files (x86)\PuTTY\;C:\ProgramData\ComposerSetup\bin;C:\Program Files\Git\cmd;C:\Program Files\dotnet\;C:\Users\user\Downloads\Programs;C:\Program Files (x86)\Geth;C:\Users\user\Downloads\Programs\GETH;C:\Program Files\Arduino CLI\;C:\Users\user\AppData\Local\Android\Sdk\platform-tools;C:\Program Files\Tesseract-OCR;C:\Users\user\AppData\Local\nvm;C:\nvm4w\nodejs1\nodejs;C:\Program Files\nodejs\;C:\Program Files\cursor\resources\app\bin;C:\Users\user\anaconda3;C:\Users\user\anaconda3\Library\mingw-w64\bin;C:\Users\user\anaconda3\Library\usr\bin;C:\Users\user\anaconda3\Library\bin;C:\Users\user\anaconda3\Scripts;C:\Users\user\AppData\Local\Programs\Python\Python312\Scripts\;C:\Users\user\AppData\Local\Programs\Python\Python312\;C:\Users\user\AppData\Local\Microsoft\WindowsApps;C:\src\flutter\bin;C:\Program Files (x86)\Nmap;C:\Users\user\AppData\Local\Programs\Microsoft VS Code\bin;C:\src\flutter_windows_3.13.7-stable\flutter\bin;C:\src\dartsdk-windows-ia32-release\dart-sdk\bin;C:\xampp\php;C:\Users\user\AppData\Roaming\Composer\vendor\bin;C:\Users\user\Downloads\Programs\arduino-cli_0.34.2_Windows_64bit;C:\Program Files\PostgreSQL;C:\Program Files\PostgreSQL\16rc1;C:\Program Files\Geth;C:\Users\user\AppData\Local\Microsoft\WinGet\Packages\Schniz.fnm_Microsoft.Winget.Source_8wekyb3d8bbwe;C:\Program Files\JetBrains\PyCharm 2024.3\bin;;C:\Users\user\Downloads\apache-maven-3.9.9-src.zip\apache-maven-3.9.9;C:\Program Files\Tesseract-OCR\tesseract.exe;C:\Users\user\Documents\nginx-1.28.0\nginx-1.28.0;C:\Users\user\AppData\Local\nvm;C:\nvm4w\nodejs1\nodejs;C:\Program Files\nvm;C:\Program Files\nodejs;C:\Users\user\AppData\Roaming\npm;C:\Users\user\AppData\Local\Android\Sdk\platform-tools;C:\Users\user\AppData\Local\Android\Sdk\emulator;C:\Users\user\AppData\Local\Android\Sdk\platform-tools;
USERNAME=user
OS=Windows_NT
PROCESSOR_IDENTIFIER=Intel64 Family 6 Model 140 Stepping 1, GenuineIntel
TMP=C:\Users\user\AppData\Local\Temp
TEMP=C:\Users\user\AppData\Local\Temp




Periodic native trim disabled

---------------  S Y S T E M  ---------------

OS:
 Windows 11 , 64 bit Build 26100 (10.0.26100.8246)
OS uptime: 2 days 11:28 hours

CPU: total 8 (initial active 8) (4 cores per cpu, 2 threads per core) family 6 model 140 stepping 1 microcode 0xa4, cx8, cmov, fxsr, ht, mmx, 3dnowpref, sse, sse2, sse3, ssse3, sse4.1, sse4.2, popcnt, lzcnt, tsc, tscinvbit, avx, avx2, aes, erms, clmul, bmi1, bmi2, adx, avx512f, avx512dq, avx512cd, avx512bw, avx512vl, sha, fma, vzeroupper, avx512_vpopcntdq, avx512_vpclmulqdq, avx512_vaes, avx512_vnni, clflush, clflushopt, clwb, avx512_vbmi2, avx512_vbmi, rdtscp, rdpid, fsrm, gfni, avx512_bitalg, f16c, pku, cet_ibt, cet_ss, avx512_ifma
Processor Information for processor 0
  Max Mhz: 2803, Current Mhz: 1001, Mhz Limit: 2803
Processor Information for processor 1
  Max Mhz: 2803, Current Mhz: 1001, Mhz Limit: 2803
Processor Information for processor 2
  Max Mhz: 2803, Current Mhz: 1001, Mhz Limit: 2803
Processor Information for processor 3
  Max Mhz: 2803, Current Mhz: 1001, Mhz Limit: 2803
Processor Information for processor 4
  Max Mhz: 2803, Current Mhz: 1001, Mhz Limit: 2803
Processor Information for processor 5
  Max Mhz: 2803, Current Mhz: 1001, Mhz Limit: 2803
Processor Information for processor 6
  Max Mhz: 2803, Current Mhz: 1001, Mhz Limit: 2803
Processor Information for processor 7
  Max Mhz: 2803, Current Mhz: 2803, Mhz Limit: 2803

Memory: 4k page, system-wide physical 7975M (571M free)
TotalPageFile size 32551M (AvailPageFile size 1M)
current process WorkingSet (physical memory assigned to process): 71M, peak: 92M
current process commit charge ("private bytes"): 237M, peak: 240M

vm_info: OpenJDK 64-Bit Server VM (21.0.10+7-LTS) for windows-amd64 JRE (21.0.10+7-LTS), built on 2026-01-20T00:00:00Z by "admin" with MS VC++ 17.12 (VS2022)

END.
